<?xml version="1.0" encoding="UTF-8"?>
<!-- Generated by org.testng.reporters.JUnitXMLReporter -->
<testsuite hostname="Lena-TOSH" name="Default test" tests="5" failures="0" timestamp="21 May 2014 12:19:46 GMT" time="13.462" errors="0">
  <testcase name="testEmptyGroupCreation" time="1.379" classname="com.example.tests.GroupCreationTests"/>
  <testcase name="testNonEmptyGroupCreation" time="1.342" classname="com.example.tests.GroupCreationTests"/>
  <testcase name="testEmptyContactCreation" time="2.018" classname="com.example.tests.ContactCreationTests"/>
  <testcase name="testEmptyContactCreation2" time="1.989" classname="com.example.tests.ContactCreationTests"/>
  <testcase name="testNonEmptyContactCreation" time="2.404" classname="com.example.tests.ContactCreationTests"/>
</testsuite> <!-- Default test -->
