<?xml version="1.0" encoding="UTF-8"?>
<testng-results skipped="0" failed="0" total="5" passed="5">
  <reporter-output>
  </reporter-output>
  <suite name="Default suite" duration-ms="13462" started-at="2014-05-21T12:19:33Z" finished-at="2014-05-21T12:19:46Z">
    <groups>
    </groups>
    <test name="Default test" duration-ms="13462" started-at="2014-05-21T12:19:33Z" finished-at="2014-05-21T12:19:46Z">
      <class name="com.example.tests.GroupCreationTests">
        <test-method status="PASS" signature="setUp()[pri:0, instance:com.example.tests.GroupCreationTests@68052c7b]" name="setUp" is-config="true" duration-ms="4135" started-at="2014-05-21T15:19:33Z" finished-at="2014-05-21T15:19:37Z">
          <reporter-output>
          </reporter-output>
        </test-method> <!-- setUp -->
        <test-method status="PASS" signature="testEmptyGroupCreation()[pri:0, instance:com.example.tests.GroupCreationTests@68052c7b]" name="testEmptyGroupCreation" duration-ms="1379" started-at="2014-05-21T15:19:37Z" finished-at="2014-05-21T15:19:38Z">
          <reporter-output>
          </reporter-output>
        </test-method> <!-- testEmptyGroupCreation -->
        <test-method status="PASS" signature="testNonEmptyGroupCreation()[pri:0, instance:com.example.tests.GroupCreationTests@68052c7b]" name="testNonEmptyGroupCreation" duration-ms="1342" started-at="2014-05-21T15:19:38Z" finished-at="2014-05-21T15:19:40Z">
          <reporter-output>
          </reporter-output>
        </test-method> <!-- testNonEmptyGroupCreation -->
        <test-method status="PASS" signature="tearDown()[pri:0, instance:com.example.tests.GroupCreationTests@68052c7b]" name="tearDown" is-config="true" duration-ms="176" started-at="2014-05-21T15:19:46Z" finished-at="2014-05-21T15:19:46Z">
          <reporter-output>
          </reporter-output>
        </test-method> <!-- tearDown -->
      </class> <!-- com.example.tests.GroupCreationTests -->
      <class name="com.example.tests.ContactCreationTests">
        <test-method status="PASS" signature="testEmptyContactCreation()[pri:0, instance:com.example.tests.ContactCreationTests@641f89e1]" name="testEmptyContactCreation" duration-ms="2018" started-at="2014-05-21T15:19:40Z" finished-at="2014-05-21T15:19:42Z">
          <reporter-output>
          </reporter-output>
        </test-method> <!-- testEmptyContactCreation -->
        <test-method status="PASS" signature="testEmptyContactCreation2()[pri:0, instance:com.example.tests.ContactCreationTests@641f89e1]" name="testEmptyContactCreation2" duration-ms="1989" started-at="2014-05-21T15:19:42Z" finished-at="2014-05-21T15:19:44Z">
          <reporter-output>
          </reporter-output>
        </test-method> <!-- testEmptyContactCreation2 -->
        <test-method status="PASS" signature="testNonEmptyContactCreation()[pri:0, instance:com.example.tests.ContactCreationTests@641f89e1]" name="testNonEmptyContactCreation" duration-ms="2404" started-at="2014-05-21T15:19:44Z" finished-at="2014-05-21T15:19:46Z">
          <reporter-output>
          </reporter-output>
        </test-method> <!-- testNonEmptyContactCreation -->
      </class> <!-- com.example.tests.ContactCreationTests -->
    </test> <!-- Default test -->
  </suite> <!-- Default suite -->
</testng-results>
